2025-09-19T22:38:21.567+05:30  INFO 4236 --- [ClassSphere] [main] l.v.classsphere.ClassSphereApplication   : Starting ClassSphereApplication using Java 24.0.1 with PID 4236 (E:\Advanced API Development\SpringBOOT\ClassSphere\BackEnd\target\classes started by KVN2004 in E:\Advanced API Development\SpringBOOT\ClassSphere)
2025-09-19T22:38:21.572+05:30  INFO 4236 --- [ClassSphere] [main] l.v.classsphere.ClassSphereApplication   : No active profile set, falling back to 1 default profile: "default"
2025-09-19T22:38:22.948+05:30  INFO 4236 --- [ClassSphere] [main] .s.d.r.c.RepositoryConfigurationDelegate : Bootstrapping Spring Data JPA repositories in DEFAULT mode.
2025-09-19T22:38:23.052+05:30  INFO 4236 --- [ClassSphere] [main] .s.d.r.c.RepositoryConfigurationDelegate : Finished Spring Data repository scanning in 93 ms. Found 10 JPA repository interfaces.
2025-09-19T22:38:23.581+05:30  INFO 4236 --- [ClassSphere] [main] o.s.b.w.embedded.tomcat.TomcatWebServer  : Tomcat initialized with port 8080 (http)
2025-09-19T22:38:23.598+05:30  INFO 4236 --- [ClassSphere] [main] o.apache.catalina.core.StandardService   : Starting service [Tomcat]
2025-09-19T22:38:23.599+05:30  INFO 4236 --- [ClassSphere] [main] o.apache.catalina.core.StandardEngine    : Starting Servlet engine: [Apache Tomcat/10.1.43]
2025-09-19T22:38:23.665+05:30  INFO 4236 --- [ClassSphere] [main] o.a.c.c.C.[Tomcat].[localhost].[/]       : Initializing Spring embedded WebApplicationContext
2025-09-19T22:38:23.666+05:30  INFO 4236 --- [ClassSphere] [main] w.s.c.ServletWebServerApplicationContext : Root WebApplicationContext: initialization completed in 2025 ms
2025-09-19T22:38:23.916+05:30  INFO 4236 --- [ClassSphere] [main] o.hibernate.jpa.internal.util.LogHelper  : HHH000204: Processing PersistenceUnitInfo [name: default]
2025-09-19T22:38:23.994+05:30  INFO 4236 --- [ClassSphere] [main] org.hibernate.Version                    : HHH000412: Hibernate ORM core version 6.6.22.Final
2025-09-19T22:38:24.046+05:30  INFO 4236 --- [ClassSphere] [main] o.h.c.internal.RegionFactoryInitiator    : HHH000026: Second-level cache disabled
2025-09-19T22:38:24.341+05:30  INFO 4236 --- [ClassSphere] [main] o.s.o.j.p.SpringPersistenceUnitInfo      : No LoadTimeWeaver setup: ignoring JPA class transformer
2025-09-19T22:38:24.368+05:30  INFO 4236 --- [ClassSphere] [main] com.zaxxer.hikari.HikariDataSource       : HikariPool-1 - Starting...
2025-09-19T22:38:24.812+05:30  INFO 4236 --- [ClassSphere] [main] com.zaxxer.hikari.pool.HikariPool        : HikariPool-1 - Added connection com.mysql.cj.jdbc.ConnectionImpl@4ab90d01
2025-09-19T22:38:24.813+05:30  INFO 4236 --- [ClassSphere] [main] com.zaxxer.hikari.HikariDataSource       : HikariPool-1 - Start completed.
2025-09-19T22:38:24.875+05:30  WARN 4236 --- [ClassSphere] [main] org.hibernate.orm.deprecation            : HHH90000025: MySQLDialect does not need to be specified explicitly using 'hibernate.dialect' (remove the property setting and it will be selected by default)
2025-09-19T22:38:24.897+05:30  INFO 4236 --- [ClassSphere] [main] org.hibernate.orm.connections.pooling    : HHH10001005: Database info:
	Database JDBC URL [Connecting through datasource 'HikariDataSource (HikariPool-1)']
	Database driver: undefined/unknown
	Database version: 8.0.42
	Autocommit mode: undefined/unknown
	Isolation level: undefined/unknown
	Minimum pool size: undefined/unknown
	Maximum pool size: undefined/unknown
2025-09-19T22:38:26.157+05:30  INFO 4236 --- [ClassSphere] [main] o.h.e.t.j.p.i.JtaPlatformInitiator       : HHH000489: No JTA platform available (set 'hibernate.transaction.jta.platform' to enable JTA platform integration)
2025-09-19T22:38:26.363+05:30  INFO 4236 --- [ClassSphere] [main] j.LocalContainerEntityManagerFactoryBean : Initialized JPA EntityManagerFactory for persistence unit 'default'
2025-09-19T22:38:26.652+05:30 DEBUG 4236 --- [ClassSphere] [main] o.s.w.f.ServerHttpObservationFilter      : Filter 'webMvcObservationFilter' configured for use
2025-09-19T22:38:26.768+05:30  INFO 4236 --- [ClassSphere] [main] o.s.d.j.r.query.QueryEnhancerFactory     : Hibernate is in classpath; If applicable, HQL parser will be used.
2025-09-19T22:38:28.059+05:30  WARN 4236 --- [ClassSphere] [main] JpaBaseConfiguration$JpaWebConfiguration : spring.jpa.open-in-view is enabled by default. Therefore, database queries may be performed during view rendering. Explicitly configure spring.jpa.open-in-view to disable this warning
2025-09-19T22:38:28.356+05:30 DEBUG 4236 --- [ClassSphere] [main] s.w.s.m.m.a.RequestMappingHandlerMapping : 36 mappings in 'requestMappingHandlerMapping'
2025-09-19T22:38:28.466+05:30 DEBUG 4236 --- [ClassSphere] [main] o.s.w.s.handler.SimpleUrlHandlerMapping  : Patterns [/webjars/**, /**, /photos/**, /qrcodes/**] in 'resourceHandlerMapping'
2025-09-19T22:38:28.654+05:30  INFO 4236 --- [ClassSphere] [main] o.s.b.a.e.web.EndpointLinksResolver      : Exposing 1 endpoint beneath base path '/actuator'
2025-09-19T22:38:28.684+05:30  INFO 4236 --- [ClassSphere] [main] eAuthenticationProviderManagerConfigurer : Global AuthenticationManager configured with AuthenticationProvider bean with name authenticationProvider
2025-09-19T22:38:28.684+05:30  WARN 4236 --- [ClassSphere] [main] r$InitializeUserDetailsManagerConfigurer : Global AuthenticationManager configured with an AuthenticationProvider bean. UserDetailsService beans will not be used by Spring Security for automatically configuring username/password login. Consider removing the AuthenticationProvider bean. Alternatively, consider using the UserDetailsService in a manually instantiated DaoAuthenticationProvider. If the current configuration is intentional, to turn off this warning, increase the logging level of 'org.springframework.security.config.annotation.authentication.configuration.InitializeUserDetailsBeanManagerConfigurer' to ERROR
2025-09-19T22:38:28.796+05:30 DEBUG 4236 --- [ClassSphere] [main] o.s.s.web.DefaultSecurityFilterChain     : Will secure any request with filters: DisableEncodeUrlFilter, WebAsyncManagerIntegrationFilter, SecurityContextHolderFilter, HeaderWriterFilter, CorsFilter, LogoutFilter, JwtAuthFilter, RequestCacheAwareFilter, SecurityContextHolderAwareRequestFilter, AnonymousAuthenticationFilter, SessionManagementFilter, ExceptionTranslationFilter, AuthorizationFilter
2025-09-19T22:38:28.888+05:30 DEBUG 4236 --- [ClassSphere] [main] s.w.s.m.m.a.RequestMappingHandlerAdapter : ControllerAdvice beans: 0 @ModelAttribute, 0 @InitBinder, 1 RequestBodyAdvice, 1 ResponseBodyAdvice
2025-09-19T22:38:28.932+05:30 DEBUG 4236 --- [ClassSphere] [main] .m.m.a.ExceptionHandlerExceptionResolver : ControllerAdvice beans: 0 @ExceptionHandler, 1 ResponseBodyAdvice
2025-09-19T22:38:29.211+05:30  INFO 4236 --- [ClassSphere] [main] o.s.b.w.embedded.tomcat.TomcatWebServer  : Tomcat started on port 8080 (http) with context path '/'
2025-09-19T22:38:29.241+05:30  INFO 4236 --- [ClassSphere] [main] l.v.classsphere.ClassSphereApplication   : Started ClassSphereApplication in 8.543 seconds (process running for 9.726)
2025-09-19T22:38:29.548+05:30  INFO 4236 --- [ClassSphere] [RMI TCP Connection(2)-192.168.8.112] o.a.c.c.C.[Tomcat].[localhost].[/]       : Initializing Spring DispatcherServlet 'dispatcherServlet'
2025-09-19T22:38:29.548+05:30  INFO 4236 --- [ClassSphere] [RMI TCP Connection(2)-192.168.8.112] o.s.web.servlet.DispatcherServlet        : Initializing Servlet 'dispatcherServlet'
2025-09-19T22:38:29.548+05:30 DEBUG 4236 --- [ClassSphere] [RMI TCP Connection(2)-192.168.8.112] o.s.web.servlet.DispatcherServlet        : Detected StandardServletMultipartResolver
2025-09-19T22:38:29.549+05:30 DEBUG 4236 --- [ClassSphere] [RMI TCP Connection(2)-192.168.8.112] o.s.web.servlet.DispatcherServlet        : Detected AcceptHeaderLocaleResolver
2025-09-19T22:38:29.549+05:30 DEBUG 4236 --- [ClassSphere] [RMI TCP Connection(2)-192.168.8.112] o.s.web.servlet.DispatcherServlet        : Detected FixedThemeResolver
2025-09-19T22:38:29.551+05:30 DEBUG 4236 --- [ClassSphere] [RMI TCP Connection(2)-192.168.8.112] o.s.web.servlet.DispatcherServlet        : Detected org.springframework.web.servlet.view.DefaultRequestToViewNameTranslator@6f3b07ed
2025-09-19T22:38:29.552+05:30 DEBUG 4236 --- [ClassSphere] [RMI TCP Connection(2)-192.168.8.112] o.s.web.servlet.DispatcherServlet        : Detected org.springframework.web.servlet.support.SessionFlashMapManager@161e7cbc
2025-09-19T22:38:29.552+05:30 DEBUG 4236 --- [ClassSphere] [RMI TCP Connection(2)-192.168.8.112] o.s.web.servlet.DispatcherServlet        : enableLoggingRequestDetails='false': request parameters and headers will be masked to prevent unsafe logging of potentially sensitive data
2025-09-19T22:38:29.553+05:30  INFO 4236 --- [ClassSphere] [RMI TCP Connection(2)-192.168.8.112] o.s.web.servlet.DispatcherServlet        : Completed initialization in 5 ms
2025-09-19T22:38:35.705+05:30 DEBUG 4236 --- [ClassSphere] [http-nio-8080-exec-1] o.s.security.web.FilterChainProxy        : Securing OPTIONS /api/attendance/recent?limit=10
2025-09-19T22:38:35.818+05:30 DEBUG 4236 --- [ClassSphere] [http-nio-8080-exec-4] o.s.security.web.FilterChainProxy        : Securing GET /api/attendance/recent?limit=10
2025-09-19T22:38:35.837+05:30  INFO 4236 --- [ClassSphere] [http-nio-8080-exec-4] l.v.classsphere.util.JwtAuthFilter       : Processing request: /api/attendance/recent
2025-09-19T22:38:36.115+05:30 DEBUG 4236 --- [ClassSphere] [http-nio-8080-exec-4] o.s.security.web.FilterChainProxy        : Secured GET /api/attendance/recent?limit=10
2025-09-19T22:38:36.117+05:30 DEBUG 4236 --- [ClassSphere] [http-nio-8080-exec-4] o.s.web.servlet.DispatcherServlet        : GET "/api/attendance/recent?limit=10", parameters={masked}
2025-09-19T22:38:36.119+05:30 DEBUG 4236 --- [ClassSphere] [http-nio-8080-exec-4] s.w.s.m.m.a.RequestMappingHandlerMapping : Mapped to lk.vihanganimsara.classsphere.controller.AttendanceController#getRecentAttendances(int)
2025-09-19T22:38:36.175+05:30 DEBUG 4236 --- [ClassSphere] [http-nio-8080-exec-4] m.m.a.RequestResponseBodyMethodProcessor : Using 'application/json', given [application/json, text/javascript, */*;q=0.01] and supported [application/json, application/*+json]
2025-09-19T22:38:36.176+05:30 DEBUG 4236 --- [ClassSphere] [http-nio-8080-exec-4] m.m.a.RequestResponseBodyMethodProcessor : Writing [[AttendanceDto(attendanceId=4, sessionId= 9B65A7E1, studentId=STU421825E3, studentName=null, status= (truncated)...]
2025-09-19T22:38:36.190+05:30 DEBUG 4236 --- [ClassSphere] [http-nio-8080-exec-4] o.s.web.servlet.DispatcherServlet        : Completed 200 OK
2025-09-19T22:38:39.549+05:30 DEBUG 4236 --- [ClassSphere] [http-nio-8080-exec-5] o.s.security.web.FilterChainProxy        : Securing GET /api/attendance/recent?limit=10
2025-09-19T22:38:39.550+05:30  INFO 4236 --- [ClassSphere] [http-nio-8080-exec-5] l.v.classsphere.util.JwtAuthFilter       : Processing request: /api/attendance/recent
2025-09-19T22:38:39.561+05:30 DEBUG 4236 --- [ClassSphere] [http-nio-8080-exec-5] o.s.security.web.FilterChainProxy        : Secured GET /api/attendance/recent?limit=10
2025-09-19T22:38:39.561+05:30 DEBUG 4236 --- [ClassSphere] [http-nio-8080-exec-5] o.s.web.servlet.DispatcherServlet        : GET "/api/attendance/recent?limit=10", parameters={masked}
2025-09-19T22:38:39.562+05:30 DEBUG 4236 --- [ClassSphere] [http-nio-8080-exec-5] s.w.s.m.m.a.RequestMappingHandlerMapping : Mapped to lk.vihanganimsara.classsphere.controller.AttendanceController#getRecentAttendances(int)
2025-09-19T22:38:39.577+05:30 DEBUG 4236 --- [ClassSphere] [http-nio-8080-exec-5] m.m.a.RequestResponseBodyMethodProcessor : Using 'application/json', given [application/json, text/javascript, */*;q=0.01] and supported [application/json, application/*+json]
2025-09-19T22:38:39.578+05:30 DEBUG 4236 --- [ClassSphere] [http-nio-8080-exec-5] m.m.a.RequestResponseBodyMethodProcessor : Writing [[AttendanceDto(attendanceId=4, sessionId= 9B65A7E1, studentId=STU421825E3, studentName=null, status= (truncated)...]
2025-09-19T22:38:39.580+05:30 DEBUG 4236 --- [ClassSphere] [http-nio-8080-exec-5] o.s.web.servlet.DispatcherServlet        : Completed 200 OK
2025-09-19T22:38:47.640+05:30 DEBUG 4236 --- [ClassSphere] [http-nio-8080-exec-3] o.s.security.web.FilterChainProxy        : Securing OPTIONS /api/attendance/filter?studentId=STU421825E3
2025-09-19T22:38:47.667+05:30 DEBUG 4236 --- [ClassSphere] [http-nio-8080-exec-7] o.s.security.web.FilterChainProxy        : Securing GET /api/attendance/filter?studentId=STU421825E3
2025-09-19T22:38:47.672+05:30  INFO 4236 --- [ClassSphere] [http-nio-8080-exec-7] l.v.classsphere.util.JwtAuthFilter       : Processing request: /api/attendance/filter
2025-09-19T22:38:47.709+05:30 DEBUG 4236 --- [ClassSphere] [http-nio-8080-exec-7] o.s.security.web.FilterChainProxy        : Secured GET /api/attendance/filter?studentId=STU421825E3
2025-09-19T22:38:47.711+05:30 DEBUG 4236 --- [ClassSphere] [http-nio-8080-exec-7] o.s.web.servlet.DispatcherServlet        : GET "/api/attendance/filter?studentId=STU421825E3", parameters={masked}
2025-09-19T22:38:47.715+05:30 DEBUG 4236 --- [ClassSphere] [http-nio-8080-exec-7] s.w.s.m.m.a.RequestMappingHandlerMapping : Mapped to lk.vihanganimsara.classsphere.controller.AttendanceController#filterAttendance(String, String, AttendanceStatus, LocalDateTime, LocalDateTime)
2025-09-19T22:38:47.807+05:30 DEBUG 4236 --- [ClassSphere] [http-nio-8080-exec-7] m.m.a.RequestResponseBodyMethodProcessor : Using 'application/json', given [*/*] and supported [application/json, application/*+json]
2025-09-19T22:38:47.808+05:30 DEBUG 4236 --- [ClassSphere] [http-nio-8080-exec-7] m.m.a.RequestResponseBodyMethodProcessor : Writing [ApiResponse(statusCode=200, message=Filtered attendance records, data=[AttendanceDto(attendanceId=3, (truncated)...]
2025-09-19T22:38:47.809+05:30 DEBUG 4236 --- [ClassSphere] [http-nio-8080-exec-7] o.s.web.servlet.DispatcherServlet        : Completed 200 OK
2025-09-19T22:38:52.459+05:30 DEBUG 4236 --- [ClassSphere] [http-nio-8080-exec-8] o.s.security.web.FilterChainProxy        : Securing GET /api/attendance/filter?studentId=STU421825E3
2025-09-19T22:38:52.468+05:30  INFO 4236 --- [ClassSphere] [http-nio-8080-exec-8] l.v.classsphere.util.JwtAuthFilter       : Processing request: /api/attendance/filter
2025-09-19T22:38:52.498+05:30 DEBUG 4236 --- [ClassSphere] [http-nio-8080-exec-8] o.s.security.web.FilterChainProxy        : Secured GET /api/attendance/filter?studentId=STU421825E3
2025-09-19T22:38:52.499+05:30 DEBUG 4236 --- [ClassSphere] [http-nio-8080-exec-8] o.s.web.servlet.DispatcherServlet        : GET "/api/attendance/filter?studentId=STU421825E3", parameters={masked}
2025-09-19T22:38:52.500+05:30 DEBUG 4236 --- [ClassSphere] [http-nio-8080-exec-8] s.w.s.m.m.a.RequestMappingHandlerMapping : Mapped to lk.vihanganimsara.classsphere.controller.AttendanceController#filterAttendance(String, String, AttendanceStatus, LocalDateTime, LocalDateTime)
2025-09-19T22:38:52.522+05:30 DEBUG 4236 --- [ClassSphere] [http-nio-8080-exec-8] m.m.a.RequestResponseBodyMethodProcessor : Using 'application/json', given [*/*] and supported [application/json, application/*+json]
2025-09-19T22:38:52.522+05:30 DEBUG 4236 --- [ClassSphere] [http-nio-8080-exec-8] m.m.a.RequestResponseBodyMethodProcessor : Writing [ApiResponse(statusCode=200, message=Filtered attendance records, data=[AttendanceDto(attendanceId=3, (truncated)...]
2025-09-19T22:38:52.524+05:30 DEBUG 4236 --- [ClassSphere] [http-nio-8080-exec-8] o.s.web.servlet.DispatcherServlet        : Completed 200 OK
2025-09-19T22:38:55.839+05:30 DEBUG 4236 --- [ClassSphere] [http-nio-8080-exec-2] o.s.security.web.FilterChainProxy        : Securing OPTIONS /api/attendance/filter?studentId=780E3803
2025-09-19T22:38:55.855+05:30 DEBUG 4236 --- [ClassSphere] [http-nio-8080-exec-6] o.s.security.web.FilterChainProxy        : Securing GET /api/attendance/filter?studentId=780E3803
2025-09-19T22:38:55.859+05:30  INFO 4236 --- [ClassSphere] [http-nio-8080-exec-6] l.v.classsphere.util.JwtAuthFilter       : Processing request: /api/attendance/filter
2025-09-19T22:38:55.871+05:30 DEBUG 4236 --- [ClassSphere] [http-nio-8080-exec-6] o.s.security.web.FilterChainProxy        : Secured GET /api/attendance/filter?studentId=780E3803
2025-09-19T22:38:55.871+05:30 DEBUG 4236 --- [ClassSphere] [http-nio-8080-exec-6] o.s.web.servlet.DispatcherServlet        : GET "/api/attendance/filter?studentId=780E3803", parameters={masked}
2025-09-19T22:38:55.872+05:30 DEBUG 4236 --- [ClassSphere] [http-nio-8080-exec-6] s.w.s.m.m.a.RequestMappingHandlerMapping : Mapped to lk.vihanganimsara.classsphere.controller.AttendanceController#filterAttendance(String, String, AttendanceStatus, LocalDateTime, LocalDateTime)
2025-09-19T22:38:55.876+05:30 DEBUG 4236 --- [ClassSphere] [http-nio-8080-exec-6] m.m.a.RequestResponseBodyMethodProcessor : Using 'application/json', given [*/*] and supported [application/json, application/*+json]
2025-09-19T22:38:55.876+05:30 DEBUG 4236 --- [ClassSphere] [http-nio-8080-exec-6] m.m.a.RequestResponseBodyMethodProcessor : Writing [ApiResponse(statusCode=200, message=Filtered attendance records, data=[])]
2025-09-19T22:38:55.877+05:30 DEBUG 4236 --- [ClassSphere] [http-nio-8080-exec-6] o.s.web.servlet.DispatcherServlet        : Completed 200 OK
2025-09-19T22:39:01.318+05:30 DEBUG 4236 --- [ClassSphere] [http-nio-8080-exec-9] o.s.security.web.FilterChainProxy        : Securing OPTIONS /api/attendance/filter
2025-09-19T22:39:01.324+05:30 DEBUG 4236 --- [ClassSphere] [http-nio-8080-exec-10] o.s.security.web.FilterChainProxy        : Securing GET /api/attendance/filter
2025-09-19T22:39:01.325+05:30  INFO 4236 --- [ClassSphere] [http-nio-8080-exec-10] l.v.classsphere.util.JwtAuthFilter       : Processing request: /api/attendance/filter
2025-09-19T22:39:01.341+05:30 DEBUG 4236 --- [ClassSphere] [http-nio-8080-exec-10] o.s.security.web.FilterChainProxy        : Secured GET /api/attendance/filter
2025-09-19T22:39:01.341+05:30 DEBUG 4236 --- [ClassSphere] [http-nio-8080-exec-10] o.s.web.servlet.DispatcherServlet        : GET "/api/attendance/filter", parameters={}
2025-09-19T22:39:01.342+05:30 DEBUG 4236 --- [ClassSphere] [http-nio-8080-exec-10] s.w.s.m.m.a.RequestMappingHandlerMapping : Mapped to lk.vihanganimsara.classsphere.controller.AttendanceController#filterAttendance(String, String, AttendanceStatus, LocalDateTime, LocalDateTime)
2025-09-19T22:39:01.358+05:30 DEBUG 4236 --- [ClassSphere] [http-nio-8080-exec-10] m.m.a.RequestResponseBodyMethodProcessor : Using 'application/json', given [*/*] and supported [application/json, application/*+json]
2025-09-19T22:39:01.358+05:30 DEBUG 4236 --- [ClassSphere] [http-nio-8080-exec-10] m.m.a.RequestResponseBodyMethodProcessor : Writing [ApiResponse(statusCode=200, message=Filtered attendance records, data=[AttendanceDto(attendanceId=3, (truncated)...]
2025-09-19T22:39:01.359+05:30 DEBUG 4236 --- [ClassSphere] [http-nio-8080-exec-10] o.s.web.servlet.DispatcherServlet        : Completed 200 OK
2025-09-19T22:39:07.757+05:30 DEBUG 4236 --- [ClassSphere] [http-nio-8080-exec-1] o.s.security.web.FilterChainProxy        : Securing OPTIONS /api/attendance/filter
2025-09-19T22:39:07.769+05:30 DEBUG 4236 --- [ClassSphere] [http-nio-8080-exec-4] o.s.security.web.FilterChainProxy        : Securing GET /api/attendance/filter
2025-09-19T22:39:07.771+05:30  INFO 4236 --- [ClassSphere] [http-nio-8080-exec-4] l.v.classsphere.util.JwtAuthFilter       : Processing request: /api/attendance/filter
2025-09-19T22:39:07.785+05:30 DEBUG 4236 --- [ClassSphere] [http-nio-8080-exec-4] o.s.security.web.FilterChainProxy        : Secured GET /api/attendance/filter
2025-09-19T22:39:07.785+05:30 DEBUG 4236 --- [ClassSphere] [http-nio-8080-exec-4] o.s.web.servlet.DispatcherServlet        : GET "/api/attendance/filter", parameters={}
2025-09-19T22:39:07.785+05:30 DEBUG 4236 --- [ClassSphere] [http-nio-8080-exec-4] s.w.s.m.m.a.RequestMappingHandlerMapping : Mapped to lk.vihanganimsara.classsphere.controller.AttendanceController#filterAttendance(String, String, AttendanceStatus, LocalDateTime, LocalDateTime)
2025-09-19T22:39:07.807+05:30 DEBUG 4236 --- [ClassSphere] [http-nio-8080-exec-4] m.m.a.RequestResponseBodyMethodProcessor : Using 'application/json', given [*/*] and supported [application/json, application/*+json]
2025-09-19T22:39:07.808+05:30 DEBUG 4236 --- [ClassSphere] [http-nio-8080-exec-4] m.m.a.RequestResponseBodyMethodProcessor : Writing [ApiResponse(statusCode=200, message=Filtered attendance records, data=[AttendanceDto(attendanceId=3, (truncated)...]
2025-09-19T22:39:07.810+05:30 DEBUG 4236 --- [ClassSphere] [http-nio-8080-exec-4] o.s.web.servlet.DispatcherServlet        : Completed 200 OK
2025-09-19T22:39:10.822+05:30 DEBUG 4236 --- [ClassSphere] [http-nio-8080-exec-5] o.s.security.web.FilterChainProxy        : Securing OPTIONS /api/attendance/filter?startDate=2025-09-06T00:00:00&endDate=2025-09-06T23:59:59
2025-09-19T22:39:10.824+05:30 DEBUG 4236 --- [ClassSphere] [http-nio-8080-exec-3] o.s.security.web.FilterChainProxy        : Securing OPTIONS /api/attendance/filter?startDate=2025-09-06T00:00:00&endDate=2025-09-06T23:59:59
2025-09-19T22:39:10.831+05:30 DEBUG 4236 --- [ClassSphere] [http-nio-8080-exec-7] o.s.security.web.FilterChainProxy        : Securing GET /api/attendance/filter?startDate=2025-09-06T00:00:00&endDate=2025-09-06T23:59:59
2025-09-19T22:39:10.831+05:30 DEBUG 4236 --- [ClassSphere] [http-nio-8080-exec-8] o.s.security.web.FilterChainProxy        : Securing GET /api/attendance/filter?startDate=2025-09-06T00:00:00&endDate=2025-09-06T23:59:59
2025-09-19T22:39:10.832+05:30  INFO 4236 --- [ClassSphere] [http-nio-8080-exec-8] l.v.classsphere.util.JwtAuthFilter       : Processing request: /api/attendance/filter
2025-09-19T22:39:10.832+05:30  INFO 4236 --- [ClassSphere] [http-nio-8080-exec-7] l.v.classsphere.util.JwtAuthFilter       : Processing request: /api/attendance/filter
2025-09-19T22:39:10.839+05:30 DEBUG 4236 --- [ClassSphere] [http-nio-8080-exec-8] o.s.security.web.FilterChainProxy        : Secured GET /api/attendance/filter?startDate=2025-09-06T00:00:00&endDate=2025-09-06T23:59:59
2025-09-19T22:39:10.841+05:30 DEBUG 4236 --- [ClassSphere] [http-nio-8080-exec-8] o.s.web.servlet.DispatcherServlet        : GET "/api/attendance/filter?startDate=2025-09-06T00:00:00&endDate=2025-09-06T23:59:59", parameters={masked}
2025-09-19T22:39:10.841+05:30 DEBUG 4236 --- [ClassSphere] [http-nio-8080-exec-8] s.w.s.m.m.a.RequestMappingHandlerMapping : Mapped to lk.vihanganimsara.classsphere.controller.AttendanceController#filterAttendance(String, String, AttendanceStatus, LocalDateTime, LocalDateTime)
2025-09-19T22:39:10.841+05:30 DEBUG 4236 --- [ClassSphere] [http-nio-8080-exec-7] o.s.security.web.FilterChainProxy        : Secured GET /api/attendance/filter?startDate=2025-09-06T00:00:00&endDate=2025-09-06T23:59:59
2025-09-19T22:39:10.842+05:30 DEBUG 4236 --- [ClassSphere] [http-nio-8080-exec-7] o.s.web.servlet.DispatcherServlet        : GET "/api/attendance/filter?startDate=2025-09-06T00:00:00&endDate=2025-09-06T23:59:59", parameters={masked}
2025-09-19T22:39:10.842+05:30 DEBUG 4236 --- [ClassSphere] [http-nio-8080-exec-7] s.w.s.m.m.a.RequestMappingHandlerMapping : Mapped to lk.vihanganimsara.classsphere.controller.AttendanceController#filterAttendance(String, String, AttendanceStatus, LocalDateTime, LocalDateTime)
2025-09-19T22:39:10.865+05:30 DEBUG 4236 --- [ClassSphere] [http-nio-8080-exec-8] m.m.a.RequestResponseBodyMethodProcessor : Using 'application/json', given [*/*] and supported [application/json, application/*+json]
2025-09-19T22:39:10.865+05:30 DEBUG 4236 --- [ClassSphere] [http-nio-8080-exec-8] m.m.a.RequestResponseBodyMethodProcessor : Writing [ApiResponse(statusCode=200, message=Filtered attendance records, data=[AttendanceDto(attendanceId=3, (truncated)...]
2025-09-19T22:39:10.867+05:30 DEBUG 4236 --- [ClassSphere] [http-nio-8080-exec-8] o.s.web.servlet.DispatcherServlet        : Completed 200 OK
2025-09-19T22:39:10.875+05:30 DEBUG 4236 --- [ClassSphere] [http-nio-8080-exec-7] m.m.a.RequestResponseBodyMethodProcessor : Using 'application/json', given [*/*] and supported [application/json, application/*+json]
2025-09-19T22:39:10.875+05:30 DEBUG 4236 --- [ClassSphere] [http-nio-8080-exec-7] m.m.a.RequestResponseBodyMethodProcessor : Writing [ApiResponse(statusCode=200, message=Filtered attendance records, data=[AttendanceDto(attendanceId=3, (truncated)...]
2025-09-19T22:39:10.877+05:30 DEBUG 4236 --- [ClassSphere] [http-nio-8080-exec-7] o.s.web.servlet.DispatcherServlet        : Completed 200 OK
